24/10/30 16:00:40 INFO DumpProcessor: Starting mergePageLink
24/10/30 16:00:40 INFO DumpProcessor: Starting getPagesByNamespace with namespace 0 and keepRedirect false
24/10/30 16:00:40 INFO DumpProcessor: Starting getPagesByNamespace with namespace 14 and keepRedirect false
24/10/30 16:00:40 INFO DumpProcessor: Starting mergeRedirect
24/10/30 16:00:40 INFO DumpProcessor: Starting resolvePageRedirects
24/10/30 16:00:45 INFO DumpProcessor: Starting mergeCategoryLinks
24/10/30 16:02:55 INFO DumpProcessor: Starting mergePageLink
24/10/30 16:02:56 INFO DumpProcessor: Starting getPagesByNamespace with namespace 0 and keepRedirect false
24/10/30 16:02:56 INFO DumpProcessor: Starting getPagesByNamespace with namespace 14 and keepRedirect false
24/10/30 16:02:56 INFO DumpProcessor: Starting mergeRedirect
24/10/30 16:02:56 INFO DumpProcessor: Starting resolvePageRedirects
24/10/30 16:03:00 INFO DumpProcessor: Starting mergeCategoryLinks
24/10/30 16:03:43 INFO DumpProcessor: Starting mergePageLink
24/10/30 16:03:43 INFO DumpProcessor: Starting getPagesByNamespace with namespace 0 and keepRedirect false
24/10/30 16:03:44 INFO DumpProcessor: Starting getPagesByNamespace with namespace 14 and keepRedirect false
24/10/30 16:03:44 INFO DumpProcessor: Starting mergeRedirect
24/10/30 16:03:44 INFO DumpProcessor: Starting resolvePageRedirects
24/10/30 16:29:27 INFO DumpProcessor: Starting mergeCategoryLinks
24/11/01 19:29:36 INFO DumpProcessor: Starting mergePageLink
24/11/01 19:29:36 INFO DumpProcessor: Starting getPagesByNamespace with namespace 0 and keepRedirect false
24/11/01 19:29:36 INFO DumpProcessor: Starting getPagesByNamespace with namespace 14 and keepRedirect false
24/11/01 19:29:36 INFO DumpProcessor: Starting mergeRedirect
24/11/01 19:29:36 INFO DumpProcessor: Starting resolvePageRedirects
24/11/03 19:20:03 INFO DumpProcessor: Starting mergePageLink
24/11/03 19:20:03 INFO DumpProcessor: Starting getPagesByNamespace with namespace 0 and keepRedirect false
24/11/03 19:20:03 INFO DumpProcessor: Starting getPagesByNamespace with namespace 14 and keepRedirect false
24/11/03 19:20:03 INFO DumpProcessor: Starting mergeRedirect
24/11/03 19:20:03 INFO DumpProcessor: Starting resolvePageRedirects
24/11/03 19:20:03 INFO DumpProcessor: Starting mergeCategoryLinks
24/11/03 19:22:22 INFO DumpProcessor: Starting mergePageLink
24/11/03 19:22:22 INFO DumpProcessor: Starting getPagesByNamespace with namespace 0 and keepRedirect false
24/11/03 19:22:22 INFO DumpProcessor: Starting getPagesByNamespace with namespace 14 and keepRedirect false
24/11/03 19:22:22 INFO DumpProcessor: Starting mergeRedirect
24/11/03 19:22:22 INFO DumpProcessor: Starting resolvePageRedirects
24/11/03 19:22:22 INFO DumpProcessor: Starting mergeCategoryLinks
